{"uuid":"248cbaa9-b23e-4ca1-9aed-d7ac87b7cf1c","historyId":"b47ef1b8da9351f74541d780c62b686c","testCaseId":"b96ba934efe00e0ad753121a4837b5cb","fullName":"src/test/resources/uitesting/amazon.feature:11","labels":[{"name":"tag","value":"PurchasePhone"},{"name":"host","value":"EPINHYDW0BB7"},{"name":"thread","value":"12212@EPINHYDW0BB7.main(1)"},{"name":"feature","value":"Purchase an item on Amazon"},{"name":"story","value":"Purchase another Item"},{"name":"suite","value":"Purchase an item on Amazon"},{"name":"testClass","value":"Purchase another Item"},{"name":"framework","value":"cucumber4jvm"},{"name":"language","value":"java"},{"name":"gherkin_uri","value":"file:///C:/Users/sruthi_s/IdeaProjects/TESTFRAMEWORK/src/test/resources/uitesting/amazon.feature"},{"name":"package","value":"src.test.resources.uitesting.amazon_feature.Purchase an item on Amazon"}],"links":[],"name":"Purchase another Item","status":"broken","statusDetails":{"known":false,"muted":false,"flaky":false,"message":"element click intercepted: Element <img src=\"https://m.media-amazon.com/images/I/31aq0fhLKGL._SX38_SY50_CR,0,0,38,50_.jpg\"> is not clickable at point (52, 503). Other element would receive the click: <input class=\"a-button-input\" type=\"submit\" aria-labelledby=\"a-autoid-6-announce\">\n  (Session info: chrome=130.0.6723.70)\nBuild info: version: '4.24.0', revision: '748ffc9bc3'\nSystem info: os.name: 'Windows 11', os.arch: 'amd64', os.version: '10.0', java.version: '21.0.3'\nDriver info: org.openqa.selenium.chrome.ChromeDriver\nCommand: [36dc27fd9d28dbc5d3849861aca4bba2, clickElement {id=f.56D42ACA94F94C8E7093F6E13780E4EA.d.552DB3B182B1FB475A294F1D5AAF6F66.e.546}]\nCapabilities {acceptInsecureCerts: false, browserName: chrome, browserVersion: 130.0.6723.70, chrome: {chromedriverVersion: 130.0.6723.69 (3ec172b971b9..., userDataDir: C:\\Users\\sruthi_s\\AppData\\L...}, fedcm:accounts: true, goog:chromeOptions: {debuggerAddress: localhost:62840}, networkConnectionEnabled: false, pageLoadStrategy: normal, platformName: windows, proxy: Proxy(), se:cdp: ws://localhost:62840/devtoo..., se:cdpVersion: 130.0.6723.70, setWindowRect: true, strictFileInteractability: false, timeouts: {implicit: 0, pageLoad: 300000, script: 30000}, unhandledPromptBehavior: dismiss and notify, webauthn:extension:credBlob: true, webauthn:extension:largeBlob: true, webauthn:extension:minPinLength: true, webauthn:extension:prf: true, webauthn:virtualAuthenticators: true}\nElement: [[ChromeDriver: chrome on windows (36dc27fd9d28dbc5d3849861aca4bba2)] -> xpath: //span[@class='a-button-text' and @aria-hidden='true' and @id='a-autoid-6-announce']/img]\nSession ID: 36dc27fd9d28dbc5d3849861aca4bba2","trace":"org.openqa.selenium.ElementClickInterceptedException: element click intercepted: Element <img src=\"https://m.media-amazon.com/images/I/31aq0fhLKGL._SX38_SY50_CR,0,0,38,50_.jpg\"> is not clickable at point (52, 503). Other element would receive the click: <input class=\"a-button-input\" type=\"submit\" aria-labelledby=\"a-autoid-6-announce\">\n  (Session info: chrome=130.0.6723.70)\nBuild info: version: '4.24.0', revision: '748ffc9bc3'\nSystem info: os.name: 'Windows 11', os.arch: 'amd64', os.version: '10.0', java.version: '21.0.3'\nDriver info: org.openqa.selenium.chrome.ChromeDriver\nCommand: [36dc27fd9d28dbc5d3849861aca4bba2, clickElement {id=f.56D42ACA94F94C8E7093F6E13780E4EA.d.552DB3B182B1FB475A294F1D5AAF6F66.e.546}]\nCapabilities {acceptInsecureCerts: false, browserName: chrome, browserVersion: 130.0.6723.70, chrome: {chromedriverVersion: 130.0.6723.69 (3ec172b971b9..., userDataDir: C:\\Users\\sruthi_s\\AppData\\L...}, fedcm:accounts: true, goog:chromeOptions: {debuggerAddress: localhost:62840}, networkConnectionEnabled: false, pageLoadStrategy: normal, platformName: windows, proxy: Proxy(), se:cdp: ws://localhost:62840/devtoo..., se:cdpVersion: 130.0.6723.70, setWindowRect: true, strictFileInteractability: false, timeouts: {implicit: 0, pageLoad: 300000, script: 30000}, unhandledPromptBehavior: dismiss and notify, webauthn:extension:credBlob: true, webauthn:extension:largeBlob: true, webauthn:extension:minPinLength: true, webauthn:extension:prf: true, webauthn:virtualAuthenticators: true}\nElement: [[ChromeDriver: chrome on windows (36dc27fd9d28dbc5d3849861aca4bba2)] -> xpath: //span[@class='a-button-text' and @aria-hidden='true' and @id='a-autoid-6-announce']/img]\nSession ID: 36dc27fd9d28dbc5d3849861aca4bba2\r\n\tat java.base/jdk.internal.reflect.DirectConstructorHandleAccessor.newInstance(DirectConstructorHandleAccessor.java:62)\r\n\tat java.base/java.lang.reflect.Constructor.newInstanceWithCaller(Constructor.java:502)\r\n\tat java.base/java.lang.reflect.Constructor.newInstance(Constructor.java:486)\r\n\tat org.openqa.selenium.remote.ErrorCodec.decode(ErrorCodec.java:167)\r\n\tat org.openqa.selenium.remote.codec.w3c.W3CHttpResponseCodec.decode(W3CHttpResponseCodec.java:138)\r\n\tat org.openqa.selenium.remote.codec.w3c.W3CHttpResponseCodec.decode(W3CHttpResponseCodec.java:50)\r\n\tat org.openqa.selenium.remote.HttpCommandExecutor.execute(HttpCommandExecutor.java:190)\r\n\tat org.openqa.selenium.remote.service.DriverCommandExecutor.invokeExecute(DriverCommandExecutor.java:216)\r\n\tat org.openqa.selenium.remote.service.DriverCommandExecutor.execute(DriverCommandExecutor.java:174)\r\n\tat org.openqa.selenium.remote.RemoteWebDriver.execute(RemoteWebDriver.java:545)\r\n\tat org.openqa.selenium.remote.RemoteWebElement.execute(RemoteWebElement.java:223)\r\n\tat org.openqa.selenium.remote.RemoteWebElement.click(RemoteWebElement.java:76)\r\n\tat pages.SearchResultsPage.checkingThePictures(SearchResultsPage.java:45)\r\n\tat stepdefinitions.AmazonSteps.checkingThePictureOfProduct(AmazonSteps.java:65)\r\n\tat ✽.checking the picture of product(file:///C:/Users/sruthi_s/IdeaProjects/TESTFRAMEWORK/src/test/resources/uitesting/amazon.feature:15)\r\n"},"stage":"finished","steps":[{"name":"Given I am on the Amazon homepage","status":"passed","statusDetails":{"known":false,"muted":false,"flaky":false},"stage":"finished","steps":[],"attachments":[],"parameters":[],"start":1729842949451,"stop":1729842954026},{"name":"When I search for a mobile \"iphone\"","status":"passed","statusDetails":{"known":false,"muted":false,"flaky":false},"stage":"finished","steps":[],"attachments":[],"parameters":[],"start":1729842954026,"stop":1729842956381},{"name":"And I select a mobile from the search results","status":"passed","statusDetails":{"known":false,"muted":false,"flaky":false},"stage":"finished","steps":[],"attachments":[],"parameters":[],"start":1729842956381,"stop":1729842956496},{"name":"And checking the picture of product","status":"broken","statusDetails":{"known":false,"muted":false,"flaky":false,"message":"element click intercepted: Element <img src=\"https://m.media-amazon.com/images/I/31aq0fhLKGL._SX38_SY50_CR,0,0,38,50_.jpg\"> is not clickable at point (52, 503). Other element would receive the click: <input class=\"a-button-input\" type=\"submit\" aria-labelledby=\"a-autoid-6-announce\">\n  (Session info: chrome=130.0.6723.70)\nBuild info: version: '4.24.0', revision: '748ffc9bc3'\nSystem info: os.name: 'Windows 11', os.arch: 'amd64', os.version: '10.0', java.version: '21.0.3'\nDriver info: org.openqa.selenium.chrome.ChromeDriver\nCommand: [36dc27fd9d28dbc5d3849861aca4bba2, clickElement {id=f.56D42ACA94F94C8E7093F6E13780E4EA.d.552DB3B182B1FB475A294F1D5AAF6F66.e.546}]\nCapabilities {acceptInsecureCerts: false, browserName: chrome, browserVersion: 130.0.6723.70, chrome: {chromedriverVersion: 130.0.6723.69 (3ec172b971b9..., userDataDir: C:\\Users\\sruthi_s\\AppData\\L...}, fedcm:accounts: true, goog:chromeOptions: {debuggerAddress: localhost:62840}, networkConnectionEnabled: false, pageLoadStrategy: normal, platformName: windows, proxy: Proxy(), se:cdp: ws://localhost:62840/devtoo..., se:cdpVersion: 130.0.6723.70, setWindowRect: true, strictFileInteractability: false, timeouts: {implicit: 0, pageLoad: 300000, script: 30000}, unhandledPromptBehavior: dismiss and notify, webauthn:extension:credBlob: true, webauthn:extension:largeBlob: true, webauthn:extension:minPinLength: true, webauthn:extension:prf: true, webauthn:virtualAuthenticators: true}\nElement: [[ChromeDriver: chrome on windows (36dc27fd9d28dbc5d3849861aca4bba2)] -> xpath: //span[@class='a-button-text' and @aria-hidden='true' and @id='a-autoid-6-announce']/img]\nSession ID: 36dc27fd9d28dbc5d3849861aca4bba2","trace":"org.openqa.selenium.ElementClickInterceptedException: element click intercepted: Element <img src=\"https://m.media-amazon.com/images/I/31aq0fhLKGL._SX38_SY50_CR,0,0,38,50_.jpg\"> is not clickable at point (52, 503). Other element would receive the click: <input class=\"a-button-input\" type=\"submit\" aria-labelledby=\"a-autoid-6-announce\">\n  (Session info: chrome=130.0.6723.70)\nBuild info: version: '4.24.0', revision: '748ffc9bc3'\nSystem info: os.name: 'Windows 11', os.arch: 'amd64', os.version: '10.0', java.version: '21.0.3'\nDriver info: org.openqa.selenium.chrome.ChromeDriver\nCommand: [36dc27fd9d28dbc5d3849861aca4bba2, clickElement {id=f.56D42ACA94F94C8E7093F6E13780E4EA.d.552DB3B182B1FB475A294F1D5AAF6F66.e.546}]\nCapabilities {acceptInsecureCerts: false, browserName: chrome, browserVersion: 130.0.6723.70, chrome: {chromedriverVersion: 130.0.6723.69 (3ec172b971b9..., userDataDir: C:\\Users\\sruthi_s\\AppData\\L...}, fedcm:accounts: true, goog:chromeOptions: {debuggerAddress: localhost:62840}, networkConnectionEnabled: false, pageLoadStrategy: normal, platformName: windows, proxy: Proxy(), se:cdp: ws://localhost:62840/devtoo..., se:cdpVersion: 130.0.6723.70, setWindowRect: true, strictFileInteractability: false, timeouts: {implicit: 0, pageLoad: 300000, script: 30000}, unhandledPromptBehavior: dismiss and notify, webauthn:extension:credBlob: true, webauthn:extension:largeBlob: true, webauthn:extension:minPinLength: true, webauthn:extension:prf: true, webauthn:virtualAuthenticators: true}\nElement: [[ChromeDriver: chrome on windows (36dc27fd9d28dbc5d3849861aca4bba2)] -> xpath: //span[@class='a-button-text' and @aria-hidden='true' and @id='a-autoid-6-announce']/img]\nSession ID: 36dc27fd9d28dbc5d3849861aca4bba2\r\n\tat java.base/jdk.internal.reflect.DirectConstructorHandleAccessor.newInstance(DirectConstructorHandleAccessor.java:62)\r\n\tat java.base/java.lang.reflect.Constructor.newInstanceWithCaller(Constructor.java:502)\r\n\tat java.base/java.lang.reflect.Constructor.newInstance(Constructor.java:486)\r\n\tat org.openqa.selenium.remote.ErrorCodec.decode(ErrorCodec.java:167)\r\n\tat org.openqa.selenium.remote.codec.w3c.W3CHttpResponseCodec.decode(W3CHttpResponseCodec.java:138)\r\n\tat org.openqa.selenium.remote.codec.w3c.W3CHttpResponseCodec.decode(W3CHttpResponseCodec.java:50)\r\n\tat org.openqa.selenium.remote.HttpCommandExecutor.execute(HttpCommandExecutor.java:190)\r\n\tat org.openqa.selenium.remote.service.DriverCommandExecutor.invokeExecute(DriverCommandExecutor.java:216)\r\n\tat org.openqa.selenium.remote.service.DriverCommandExecutor.execute(DriverCommandExecutor.java:174)\r\n\tat org.openqa.selenium.remote.RemoteWebDriver.execute(RemoteWebDriver.java:545)\r\n\tat org.openqa.selenium.remote.RemoteWebElement.execute(RemoteWebElement.java:223)\r\n\tat org.openqa.selenium.remote.RemoteWebElement.click(RemoteWebElement.java:76)\r\n\tat pages.SearchResultsPage.checkingThePictures(SearchResultsPage.java:45)\r\n\tat stepdefinitions.AmazonSteps.checkingThePictureOfProduct(AmazonSteps.java:65)\r\n\tat ✽.checking the picture of product(file:///C:/Users/sruthi_s/IdeaProjects/TESTFRAMEWORK/src/test/resources/uitesting/amazon.feature:15)\r\n"},"stage":"finished","steps":[],"attachments":[],"parameters":[],"start":1729842956496,"stop":1729842962107},{"name":"And I add the mobile to the cart","status":"skipped","statusDetails":{"known":false,"muted":false,"flaky":false},"stage":"finished","steps":[],"attachments":[],"parameters":[],"start":1729842962107,"stop":1729842962113},{"name":"Then i should checkout the item","status":"skipped","statusDetails":{"known":false,"muted":false,"flaky":false},"stage":"finished","steps":[],"attachments":[],"parameters":[],"start":1729842962113,"stop":1729842962113}],"attachments":[],"parameters":[],"start":1729842949449,"stop":1729842962137}